<?xml version="1.0" encoding="UTF-8"?>
<!-- Generated by org.testng.reporters.JUnitReportReporter -->
<testsuite hostname="LAPTOP-HI1MQQBQ" failures="0" tests="2" name="org.automation.android.LoginTest" time="22.353" errors="0" timestamp="2025-02-16T00:07:01 TRT" skipped="0">
  <testcase classname="org.automation.android.LoginTest" name="validLoginTest" time="6.020"/>
  <system-out/>
  <testcase classname="org.automation.android.LoginTest" name="invalidLoginTest" time="16.333"/>
  <system-out/>
</testsuite> <!-- org.automation.android.LoginTest -->
