<?xml version="1.0" encoding="UTF-8"?>
<!-- Generated by org.testng.reporters.JUnitReportReporter -->
<testsuite hostname="LAPTOP-HI1MQQBQ" failures="0" tests="1" name="org.automation.tests.PostOrderTest" time="0.932" errors="0" timestamp="2025-02-16T00:42:14 TRT" skipped="0">
  <testcase classname="org.automation.tests.PostOrderTest" name="testPostOrder" time="0.932"/>
  <system-out/>
</testsuite> <!-- org.automation.tests.PostOrderTest -->
